<?xml version="1.0" encoding="UTF-8"?>
<!-- Generated by org.testng.reporters.JUnitXMLReporter -->
<testsuite hostname="Rahuls-MacBook-Pro.local" name="Stryker test 2" tests="2" failures="0" timestamp="26 Aug 2015 16:34:14 GMT" time="14.164" errors="0">
  <testcase name="@BeforeTest init" time="0.0" classname="com.w2a.appium.testcases.ios.ExpandandWriteTest">
    <failure type="org.openqa.selenium.WebDriverException" message="An unknown server-side error occurred while processing the command. (WARNING: The server did not provide any stacktrace information)
Command duration or timeout: 2.42 seconds
Build info: version: &amp;apos;2.47.1&amp;apos;, revision: &amp;apos;unknown&amp;apos;, time: &amp;apos;2015-07-30 11:02:44&amp;apos;
System info: host: &amp;apos;Rahuls-MacBook-Pro.local&amp;apos;, ip: &amp;apos;192.168.1.12&amp;apos;, os.name: &amp;apos;Mac OS X&amp;apos;, os.arch: &amp;apos;x86_64&amp;apos;, os.version: &amp;apos;10.10.1&amp;apos;, java.version: &amp;apos;1.7.0_65&amp;apos;
Session ID: 73433031-8056-49ab-84b9-063991e22e8c
Driver info: io.appium.java_client.ios.IOSDriver
Capabilities [{automationName=Appium, platform=MAC, app=test.stryker.com, javascriptEnabled=true, browserName=null, networkConnectionEnabled=false, udid=16a241b5344bc50421ebc7a5a27edea3019f5536, desired={newCommandTimeout=300, automationName=Appium, app=test.stryker.com, platformVersion=8.4, deviceName=iPhone 6 Plus, platformName=iOS, browserName=null, udid=16a241b5344bc50421ebc7a5a27edea3019f5536, deviceReadyTimeout=300}, locationContextEnabled=false, newCommandTimeout=300, platformVersion=8.4, databaseEnabled=false, deviceName=iPhone 6 Plus, platformName=iOS, webStorageEnabled=false, deviceReadyTimeout=300, warnings={}, takesScreenshot=true}]">
      <![CDATA[org.openqa.selenium.WebDriverException: An unknown server-side error occurred while processing the command. (WARNING: The server did not provide any stacktrace information)
Command duration or timeout: 2.42 seconds
Build info: version: '2.47.1', revision: 'unknown', time: '2015-07-30 11:02:44'
System info: host: 'Rahuls-MacBook-Pro.local', ip: '192.168.1.12', os.name: 'Mac OS X', os.arch: 'x86_64', os.version: '10.10.1', java.version: '1.7.0_65'
Session ID: 73433031-8056-49ab-84b9-063991e22e8c
Driver info: io.appium.java_client.ios.IOSDriver
Capabilities [{automationName=Appium, platform=MAC, app=test.stryker.com, javascriptEnabled=true, browserName=null, networkConnectionEnabled=false, udid=16a241b5344bc50421ebc7a5a27edea3019f5536, desired={newCommandTimeout=300, automationName=Appium, app=test.stryker.com, platformVersion=8.4, deviceName=iPhone 6 Plus, platformName=iOS, browserName=null, udid=16a241b5344bc50421ebc7a5a27edea3019f5536, deviceReadyTimeout=300}, locationContextEnabled=false, newCommandTimeout=300, platformVersion=8.4, databaseEnabled=false, deviceName=iPhone 6 Plus, platformName=iOS, webStorageEnabled=false, deviceReadyTimeout=300, warnings={}, takesScreenshot=true}]
	at org.openqa.selenium.remote.ErrorHandler.createThrowable(ErrorHandler.java:206)
	at org.openqa.selenium.remote.ErrorHandler.throwIfResponseFailed(ErrorHandler.java:158)
	at org.openqa.selenium.remote.RemoteWebDriver.execute(RemoteWebDriver.java:595)
	at io.appium.java_client.DefaultGenericMobileDriver.execute(DefaultGenericMobileDriver.java:27)
	at io.appium.java_client.AppiumDriver.execute(AppiumDriver.java:1)
	at io.appium.java_client.ios.IOSDriver.execute(IOSDriver.java:1)
	at org.openqa.selenium.remote.RemoteWebElement.execute(RemoteWebElement.java:273)
	at io.appium.java_client.DefaultGenericMobileElement.execute(DefaultGenericMobileElement.java:27)
	at io.appium.java_client.MobileElement.execute(MobileElement.java:1)
	at io.appium.java_client.ios.IOSElement.execute(IOSElement.java:1)
	at org.openqa.selenium.remote.RemoteWebElement.click(RemoteWebElement.java:84)
	at com.w2a.appium.pages.ios.StrykerScreen.swipeMainScreenandReachLandingPage(StrykerScreen.java:28)
	at com.w2a.appium.testcases.ios.ExpandandWriteTest.init(ExpandandWriteTest.java:17)
	at java.util.concurrent.FutureTask.run(FutureTask.java:262)
	at java.util.concurrent.ThreadPoolExecutor.runWorker(ThreadPoolExecutor.java:1145)
	at java.util.concurrent.ThreadPoolExecutor$Worker.run(ThreadPoolExecutor.java:615)
	at java.lang.Thread.run(Thread.java:745)
... Removed 18 stack frames]]>
    </failure>
  </testcase> <!-- @BeforeTest init -->
  <testcase name="ExpandElement" time="0.001" classname="com.w2a.appium.testcases.ios.ExpandandWriteTest">
    <skipped/>
  </testcase> <!-- ExpandElement -->
  <testcase name="TypeTest" time="0.0" classname="com.w2a.appium.testcases.ios.ExpandandWriteTest">
    <skipped/>
  </testcase> <!-- TypeTest -->
</testsuite> <!-- Stryker test 2 -->
