<?xml version="1.0" encoding="UTF-8"?>
<!-- Generated by org.testng.reporters.JUnitReportReporter -->
<testsuite hostname="Rahuls-MacBook-Pro.local" name="com.w2a.appium.testcases.ios.ExpandandWriteTest" tests="2" failures="0" timestamp="26 Aug 2015 16:39:22 GMT" time="0.000" errors="2">
  <testcase name="ExpandElement" time="0.000" classname="com.w2a.appium.testcases.ios.ExpandandWriteTest">
    <error type="org.openqa.selenium.NoAlertPresentException" message="An attempt was made to operate on a modal dialog when one was not open. (WARNING: The server did not provide any stacktrace information)
Command duration or timeout: 2.65 seconds
Build info: version: &#039;2.47.1&#039;, revision: &#039;unknown&#039;, time: &#039;2015-07-30 11:02:44&#039;
System info: host: &#039;Rahuls-MacBook-Pro.local&#039;, ip: &#039;192.168.1.12&#039;, os.name: &#039;Mac OS X&#039;, os.arch: &#039;x86_64&#039;, os.version: &#039;10.10.1&#039;, java.version: &#039;1.7.0_65&#039;
Session ID: 06263f26-e5ff-4e05-b4e4-eeb55bc3749b
Driver info: io.appium.java_client.ios.IOSDriver
Capabilities [{automationName=Appium, platform=MAC, app=test.stryker.com, javascriptEnabled=true, browserName=null, networkConnectionEnabled=false, udid=16a241b5344bc50421ebc7a5a27edea3019f5536, desired={newCommandTimeout=300, automationName=Appium, app=test.stryker.com, platformVersion=8.4, deviceName=iPhone 6 Plus, platformName=iOS, browserName=null, udid=16a241b5344bc50421ebc7a5a27edea3019f5536, deviceReadyTimeout=300}, locationContextEnabled=false, newCommandTimeout=300, platformVersion=8.4, databaseEnabled=false, deviceName=iPhone 6 Plus, platformName=iOS, webStorageEnabled=false, deviceReadyTimeout=300, warnings={}, takesScreenshot=true}]">
      <![CDATA[org.openqa.selenium.NoAlertPresentException: An attempt was made to operate on a modal dialog when one was not open. (WARNING: The server did not provide any stacktrace information)
Command duration or timeout: 2.65 seconds
Build info: version: '2.47.1', revision: 'unknown', time: '2015-07-30 11:02:44'
System info: host: 'Rahuls-MacBook-Pro.local', ip: '192.168.1.12', os.name: 'Mac OS X', os.arch: 'x86_64', os.version: '10.10.1', java.version: '1.7.0_65'
Session ID: 06263f26-e5ff-4e05-b4e4-eeb55bc3749b
Driver info: io.appium.java_client.ios.IOSDriver
Capabilities [{automationName=Appium, platform=MAC, app=test.stryker.com, javascriptEnabled=true, browserName=null, networkConnectionEnabled=false, udid=16a241b5344bc50421ebc7a5a27edea3019f5536, desired={newCommandTimeout=300, automationName=Appium, app=test.stryker.com, platformVersion=8.4, deviceName=iPhone 6 Plus, platformName=iOS, browserName=null, udid=16a241b5344bc50421ebc7a5a27edea3019f5536, deviceReadyTimeout=300}, locationContextEnabled=false, newCommandTimeout=300, platformVersion=8.4, databaseEnabled=false, deviceName=iPhone 6 Plus, platformName=iOS, webStorageEnabled=false, deviceReadyTimeout=300, warnings={}, takesScreenshot=true}]
	at sun.reflect.NativeConstructorAccessorImpl.newInstance0(Native Method)
	at sun.reflect.NativeConstructorAccessorImpl.newInstance(NativeConstructorAccessorImpl.java:57)
	at sun.reflect.DelegatingConstructorAccessorImpl.newInstance(DelegatingConstructorAccessorImpl.java:45)
	at java.lang.reflect.Constructor.newInstance(Constructor.java:526)
	at org.openqa.selenium.remote.ErrorHandler.createThrowable(ErrorHandler.java:206)
	at org.openqa.selenium.remote.ErrorHandler.throwIfResponseFailed(ErrorHandler.java:158)
	at org.openqa.selenium.remote.RemoteWebDriver.execute(RemoteWebDriver.java:595)
	at io.appium.java_client.DefaultGenericMobileDriver.execute(DefaultGenericMobileDriver.java:27)
	at io.appium.java_client.AppiumDriver.execute(AppiumDriver.java:272)
	at org.openqa.selenium.remote.RemoteWebDriver$RemoteTargetLocator.alert(RemoteWebDriver.java:912)
	at com.w2a.appium.pages.ios.StrykerScreen.swipeMainScreenandReachLandingPage(StrykerScreen.java:29)
	at com.w2a.appium.testcases.ios.ExpandandWriteTest.init(ExpandandWriteTest.java:17)
	at sun.reflect.NativeMethodAccessorImpl.invoke0(Native Method)
	at sun.reflect.NativeMethodAccessorImpl.invoke(NativeMethodAccessorImpl.java:57)
	at sun.reflect.DelegatingMethodAccessorImpl.invoke(DelegatingMethodAccessorImpl.java:43)
	at java.lang.reflect.Method.invoke(Method.java:606)
	at org.testng.internal.MethodInvocationHelper.invokeMethod(MethodInvocationHelper.java:85)
	at org.testng.internal.Invoker.invokeConfigurationMethod(Invoker.java:510)
	at org.testng.internal.Invoker.invokeConfigurations(Invoker.java:211)
	at org.testng.internal.Invoker.invokeConfigurations(Invoker.java:138)
	at org.testng.TestRunner.beforeRun(TestRunner.java:647)
	at org.testng.TestRunner.run(TestRunner.java:615)
	at org.testng.SuiteRunner.runTest(SuiteRunner.java:359)
	at org.testng.SuiteRunner.access$000(SuiteRunner.java:39)
	at org.testng.SuiteRunner$SuiteWorker.run(SuiteRunner.java:393)
	at org.testng.internal.thread.ThreadUtil$2.call(ThreadUtil.java:64)
	at java.util.concurrent.FutureTask.run(FutureTask.java:262)
	at java.util.concurrent.ThreadPoolExecutor.runWorker(ThreadPoolExecutor.java:1145)
	at java.util.concurrent.ThreadPoolExecutor$Worker.run(ThreadPoolExecutor.java:615)
	at java.lang.Thread.run(Thread.java:745)
]]>
    </error>
  </testcase> <!-- ExpandElement -->
  <testcase name="TypeTest" time="0.000" classname="com.w2a.appium.testcases.ios.ExpandandWriteTest">
    <error type="org.openqa.selenium.NoAlertPresentException" message="An attempt was made to operate on a modal dialog when one was not open. (WARNING: The server did not provide any stacktrace information)
Command duration or timeout: 2.65 seconds
Build info: version: &#039;2.47.1&#039;, revision: &#039;unknown&#039;, time: &#039;2015-07-30 11:02:44&#039;
System info: host: &#039;Rahuls-MacBook-Pro.local&#039;, ip: &#039;192.168.1.12&#039;, os.name: &#039;Mac OS X&#039;, os.arch: &#039;x86_64&#039;, os.version: &#039;10.10.1&#039;, java.version: &#039;1.7.0_65&#039;
Session ID: 06263f26-e5ff-4e05-b4e4-eeb55bc3749b
Driver info: io.appium.java_client.ios.IOSDriver
Capabilities [{automationName=Appium, platform=MAC, app=test.stryker.com, javascriptEnabled=true, browserName=null, networkConnectionEnabled=false, udid=16a241b5344bc50421ebc7a5a27edea3019f5536, desired={newCommandTimeout=300, automationName=Appium, app=test.stryker.com, platformVersion=8.4, deviceName=iPhone 6 Plus, platformName=iOS, browserName=null, udid=16a241b5344bc50421ebc7a5a27edea3019f5536, deviceReadyTimeout=300}, locationContextEnabled=false, newCommandTimeout=300, platformVersion=8.4, databaseEnabled=false, deviceName=iPhone 6 Plus, platformName=iOS, webStorageEnabled=false, deviceReadyTimeout=300, warnings={}, takesScreenshot=true}]">
      <![CDATA[org.openqa.selenium.NoAlertPresentException: An attempt was made to operate on a modal dialog when one was not open. (WARNING: The server did not provide any stacktrace information)
Command duration or timeout: 2.65 seconds
Build info: version: '2.47.1', revision: 'unknown', time: '2015-07-30 11:02:44'
System info: host: 'Rahuls-MacBook-Pro.local', ip: '192.168.1.12', os.name: 'Mac OS X', os.arch: 'x86_64', os.version: '10.10.1', java.version: '1.7.0_65'
Session ID: 06263f26-e5ff-4e05-b4e4-eeb55bc3749b
Driver info: io.appium.java_client.ios.IOSDriver
Capabilities [{automationName=Appium, platform=MAC, app=test.stryker.com, javascriptEnabled=true, browserName=null, networkConnectionEnabled=false, udid=16a241b5344bc50421ebc7a5a27edea3019f5536, desired={newCommandTimeout=300, automationName=Appium, app=test.stryker.com, platformVersion=8.4, deviceName=iPhone 6 Plus, platformName=iOS, browserName=null, udid=16a241b5344bc50421ebc7a5a27edea3019f5536, deviceReadyTimeout=300}, locationContextEnabled=false, newCommandTimeout=300, platformVersion=8.4, databaseEnabled=false, deviceName=iPhone 6 Plus, platformName=iOS, webStorageEnabled=false, deviceReadyTimeout=300, warnings={}, takesScreenshot=true}]
	at sun.reflect.NativeConstructorAccessorImpl.newInstance0(Native Method)
	at sun.reflect.NativeConstructorAccessorImpl.newInstance(NativeConstructorAccessorImpl.java:57)
	at sun.reflect.DelegatingConstructorAccessorImpl.newInstance(DelegatingConstructorAccessorImpl.java:45)
	at java.lang.reflect.Constructor.newInstance(Constructor.java:526)
	at org.openqa.selenium.remote.ErrorHandler.createThrowable(ErrorHandler.java:206)
	at org.openqa.selenium.remote.ErrorHandler.throwIfResponseFailed(ErrorHandler.java:158)
	at org.openqa.selenium.remote.RemoteWebDriver.execute(RemoteWebDriver.java:595)
	at io.appium.java_client.DefaultGenericMobileDriver.execute(DefaultGenericMobileDriver.java:27)
	at io.appium.java_client.AppiumDriver.execute(AppiumDriver.java:272)
	at org.openqa.selenium.remote.RemoteWebDriver$RemoteTargetLocator.alert(RemoteWebDriver.java:912)
	at com.w2a.appium.pages.ios.StrykerScreen.swipeMainScreenandReachLandingPage(StrykerScreen.java:29)
	at com.w2a.appium.testcases.ios.ExpandandWriteTest.init(ExpandandWriteTest.java:17)
	at sun.reflect.NativeMethodAccessorImpl.invoke0(Native Method)
	at sun.reflect.NativeMethodAccessorImpl.invoke(NativeMethodAccessorImpl.java:57)
	at sun.reflect.DelegatingMethodAccessorImpl.invoke(DelegatingMethodAccessorImpl.java:43)
	at java.lang.reflect.Method.invoke(Method.java:606)
	at org.testng.internal.MethodInvocationHelper.invokeMethod(MethodInvocationHelper.java:85)
	at org.testng.internal.Invoker.invokeConfigurationMethod(Invoker.java:510)
	at org.testng.internal.Invoker.invokeConfigurations(Invoker.java:211)
	at org.testng.internal.Invoker.invokeConfigurations(Invoker.java:138)
	at org.testng.TestRunner.beforeRun(TestRunner.java:647)
	at org.testng.TestRunner.run(TestRunner.java:615)
	at org.testng.SuiteRunner.runTest(SuiteRunner.java:359)
	at org.testng.SuiteRunner.access$000(SuiteRunner.java:39)
	at org.testng.SuiteRunner$SuiteWorker.run(SuiteRunner.java:393)
	at org.testng.internal.thread.ThreadUtil$2.call(ThreadUtil.java:64)
	at java.util.concurrent.FutureTask.run(FutureTask.java:262)
	at java.util.concurrent.ThreadPoolExecutor.runWorker(ThreadPoolExecutor.java:1145)
	at java.util.concurrent.ThreadPoolExecutor$Worker.run(ThreadPoolExecutor.java:615)
	at java.lang.Thread.run(Thread.java:745)
]]>
    </error>
  </testcase> <!-- TypeTest -->
</testsuite> <!-- com.w2a.appium.testcases.ios.ExpandandWriteTest -->
